<?xml version="1.0" encoding="UTF-8"?>
<testsuite name="com.release.core.repository.MemoryUserRepositoryTest" tests="1" skipped="0" failures="0" errors="0" timestamp="2023-11-01T06:54:12" hostname="DESKTOP-5ECLKV6" time="0.073">
  <properties/>
  <testcase name="save()" classname="com.release.core.repository.MemoryUserRepositoryTest" time="0.073"/>
  <system-out><![CDATA[]]></system-out>
  <system-err><![CDATA[]]></system-err>
</testsuite>
