<?xml version="1.0" encoding="UTF-8"?>
<testsuite name="com.release.core.post.postTest" tests="1" skipped="0" failures="0" errors="0" timestamp="2023-09-15T08:41:12" hostname="DESKTOP-7NRHMOF" time="0.051">
  <properties/>
  <testcase name="postEqualOverrideTest()" classname="com.release.core.post.postTest" time="0.051"/>
  <system-out><![CDATA[]]></system-out>
  <system-err><![CDATA[]]></system-err>
</testsuite>
